INFO  [2013-12-01 18:58:59,382] org.eclipse.jetty.server.Server: Graceful shutdown SocketConnector@0.0.0.0:8081
INFO  [2013-12-01 18:58:59,382] org.eclipse.jetty.server.Server: Graceful shutdown InstrumentedBlockingChannelConnector@0.0.0.0:8080
INFO  [2013-12-01 18:58:59,383] org.eclipse.jetty.server.Server: Graceful shutdown o.e.j.s.ServletContextHandler{/,null}
INFO  [2013-12-01 18:58:59,383] org.eclipse.jetty.server.Server: Graceful shutdown o.e.j.s.ServletContextHandler{/,null}
INFO  [2013-12-01 18:59:01,437] org.eclipse.jetty.server.handler.ContextHandler: stopped o.e.j.s.ServletContextHandler{/,null}
INFO  [2013-12-01 18:59:01,437] org.eclipse.jetty.server.handler.ContextHandler: stopped o.e.j.s.ServletContextHandler{/,null}
INFO  [2013-12-01 18:59:01,538] org.quartz.core.QuartzScheduler: Scheduler DefaultQuartzScheduler_$_NON_CLUSTERED shutting down.
INFO  [2013-12-01 18:59:01,538] org.quartz.core.QuartzScheduler: Scheduler DefaultQuartzScheduler_$_NON_CLUSTERED paused.
INFO  [2013-12-01 18:59:02,011] org.quartz.core.QuartzScheduler: Scheduler DefaultQuartzScheduler_$_NON_CLUSTERED shutdown complete.
INFO  [2013-12-01 19:05:10,297] org.reflections.Reflections: Reflections took 167 ms to scan 1 urls, producing 10 keys and 27 values 
WARN  [2013-12-01 19:05:10,315] com.yammer.dropwizard.config.ServerFactory: 
!!!!!!!!!!!!!!!!!!!!!!!!!!!!!!!!!!!!!!!!!!!!!!!!!!!!!!!!!!!!!!!!!!!!!!!!!!!!!!!!
!!!!!!!!!!!!!!!!!!!!!!!!!!!!!!!!!!!!!!!!!!!!!!!!!!!!!!!!!!!!!!!!!!!!!!!!!!!!!!!!
!    THIS SERVICE HAS NO HEALTHCHECKS. THIS MEANS YOU WILL NEVER KNOW IF IT    !
!    DIES IN PRODUCTION, WHICH MEANS YOU WILL NEVER KNOW IF YOU'RE LETTING     !
!     YOUR USERS DOWN. YOU SHOULD ADD A HEALTHCHECK FOR EACH DEPENDENCY OF     !
!     YOUR SERVICE WHICH FULLY (BUT LIGHTLY) TESTS YOUR SERVICE'S ABILITY TO   !
!      USE THAT SERVICE. THINK OF IT AS A CONTINUOUS INTEGRATION TEST.         !
!!!!!!!!!!!!!!!!!!!!!!!!!!!!!!!!!!!!!!!!!!!!!!!!!!!!!!!!!!!!!!!!!!!!!!!!!!!!!!!!
!!!!!!!!!!!!!!!!!!!!!!!!!!!!!!!!!!!!!!!!!!!!!!!!!!!!!!!!!!!!!!!!!!!!!!!!!!!!!!!!
INFO  [2013-12-01 19:05:10,368] com.yammer.dropwizard.cli.ServerCommand: Starting bigdata-service
INFO  [2013-12-01 19:05:10,369] org.eclipse.jetty.server.Server: jetty-8.y.z-SNAPSHOT
INFO  [2013-12-01 19:05:10,444] com.sun.jersey.server.impl.application.WebApplicationImpl: Initiating Jersey application, version 'Jersey: 1.17.1 02/28/2013 12:47 PM'
INFO  [2013-12-01 19:05:10,493] com.yammer.dropwizard.config.Environment: The following paths were found for the configured resources:

    GET     /bigdata/ (edu.sjsu.cmpe.bigdata.ui.resources.HomeResource)
    GET     /bigdata/dashboard (edu.sjsu.cmpe.bigdata.ui.resources.DashboardResource)
    GET     /bigdata/v1/users (edu.sjsu.cmpe.bigdata.api.resources.UserResource)
    POST    /bigdata/v1/users (edu.sjsu.cmpe.bigdata.api.resources.UserResource)
    GET     /bigdata/v1/analytics/sentiment (edu.sjsu.cmpe.bigdata.api.resources.AnalyticsResource)

INFO  [2013-12-01 19:05:10,493] com.yammer.dropwizard.config.Environment: tasks = 

    POST    /tasks/gc (com.yammer.dropwizard.tasks.GarbageCollectionTask)

INFO  [2013-12-01 19:05:10,743] org.quartz.impl.StdSchedulerFactory: Using default implementation for ThreadExecutor
INFO  [2013-12-01 19:05:10,745] org.quartz.simpl.SimpleThreadPool: Job execution threads will use class loader of thread: main
INFO  [2013-12-01 19:05:10,757] org.quartz.core.SchedulerSignalerImpl: Initialized Scheduler Signaller of type: class org.quartz.core.SchedulerSignalerImpl
INFO  [2013-12-01 19:05:10,758] org.quartz.core.QuartzScheduler: Quartz Scheduler v.2.2.0 created.
INFO  [2013-12-01 19:05:10,759] org.quartz.simpl.RAMJobStore: RAMJobStore initialized.
INFO  [2013-12-01 19:05:10,760] org.quartz.core.QuartzScheduler: Scheduler meta-data: Quartz Scheduler (v2.2.0) 'DefaultQuartzScheduler' with instanceId 'NON_CLUSTERED'
  Scheduler class: 'org.quartz.core.QuartzScheduler' - running locally.
  NOT STARTED.
  Currently in standby mode.
  Number of jobs executed: 0
  Using thread pool 'org.quartz.simpl.SimpleThreadPool' - with 10 threads.
  Using job-store 'org.quartz.simpl.RAMJobStore' - which does not support persistence. and is not clustered.

INFO  [2013-12-01 19:05:10,760] org.quartz.impl.StdSchedulerFactory: Quartz scheduler 'DefaultQuartzScheduler' initialized from default resource file in Quartz package: 'quartz.properties'
INFO  [2013-12-01 19:05:10,760] org.quartz.impl.StdSchedulerFactory: Quartz scheduler version: 2.2.0
INFO  [2013-12-01 19:05:10,761] org.quartz.core.QuartzScheduler: Scheduler DefaultQuartzScheduler_$_NON_CLUSTERED started.
INFO  [2013-12-01 19:05:10,763] de.spinscale.dropwizard.jobs.JobManager: Jobs to run on application start: []
INFO  [2013-12-01 19:05:10,763] de.spinscale.dropwizard.jobs.JobManager: Jobs with @Every annotation: [class edu.sjsu.cmpe.bigdata.DataAnalyticsJob]
INFO  [2013-12-01 19:05:10,791] de.spinscale.dropwizard.jobs.JobManager: Jobs with @On annotation: []
INFO  [2013-12-01 19:05:10,797] org.eclipse.jetty.server.AbstractConnector: Started InstrumentedBlockingChannelConnector@0.0.0.0:8080
WARN  [2013-12-01 19:05:10,799] org.eclipse.jetty.server.AbstractConnector: insufficient threads configured for SocketConnector@0.0.0.0:8081
INFO  [2013-12-01 19:05:10,799] org.eclipse.jetty.server.AbstractConnector: Started SocketConnector@0.0.0.0:8081
INFO  [2013-12-01 19:06:55,546] org.eclipse.jetty.server.Server: Graceful shutdown SocketConnector@0.0.0.0:8081
INFO  [2013-12-01 19:06:55,547] org.eclipse.jetty.server.Server: Graceful shutdown InstrumentedBlockingChannelConnector@0.0.0.0:8080
INFO  [2013-12-01 19:06:55,547] org.eclipse.jetty.server.Server: Graceful shutdown o.e.j.s.ServletContextHandler{/,null}
INFO  [2013-12-01 19:06:55,547] org.eclipse.jetty.server.Server: Graceful shutdown o.e.j.s.ServletContextHandler{/,null}
INFO  [2013-12-01 19:06:57,599] org.eclipse.jetty.server.handler.ContextHandler: stopped o.e.j.s.ServletContextHandler{/,null}
INFO  [2013-12-01 19:06:57,599] org.eclipse.jetty.server.handler.ContextHandler: stopped o.e.j.s.ServletContextHandler{/,null}
INFO  [2013-12-01 19:06:57,700] org.quartz.core.QuartzScheduler: Scheduler DefaultQuartzScheduler_$_NON_CLUSTERED shutting down.
INFO  [2013-12-01 19:06:57,700] org.quartz.core.QuartzScheduler: Scheduler DefaultQuartzScheduler_$_NON_CLUSTERED paused.
INFO  [2013-12-01 19:06:58,005] org.quartz.core.QuartzScheduler: Scheduler DefaultQuartzScheduler_$_NON_CLUSTERED shutdown complete.
INFO  [2013-12-01 19:07:15,449] org.reflections.Reflections: Reflections took 168 ms to scan 1 urls, producing 10 keys and 27 values 
WARN  [2013-12-01 19:07:15,466] com.yammer.dropwizard.config.ServerFactory: 
!!!!!!!!!!!!!!!!!!!!!!!!!!!!!!!!!!!!!!!!!!!!!!!!!!!!!!!!!!!!!!!!!!!!!!!!!!!!!!!!
!!!!!!!!!!!!!!!!!!!!!!!!!!!!!!!!!!!!!!!!!!!!!!!!!!!!!!!!!!!!!!!!!!!!!!!!!!!!!!!!
!    THIS SERVICE HAS NO HEALTHCHECKS. THIS MEANS YOU WILL NEVER KNOW IF IT    !
!    DIES IN PRODUCTION, WHICH MEANS YOU WILL NEVER KNOW IF YOU'RE LETTING     !
!     YOUR USERS DOWN. YOU SHOULD ADD A HEALTHCHECK FOR EACH DEPENDENCY OF     !
!     YOUR SERVICE WHICH FULLY (BUT LIGHTLY) TESTS YOUR SERVICE'S ABILITY TO   !
!      USE THAT SERVICE. THINK OF IT AS A CONTINUOUS INTEGRATION TEST.         !
!!!!!!!!!!!!!!!!!!!!!!!!!!!!!!!!!!!!!!!!!!!!!!!!!!!!!!!!!!!!!!!!!!!!!!!!!!!!!!!!
!!!!!!!!!!!!!!!!!!!!!!!!!!!!!!!!!!!!!!!!!!!!!!!!!!!!!!!!!!!!!!!!!!!!!!!!!!!!!!!!
INFO  [2013-12-01 19:07:15,519] com.yammer.dropwizard.cli.ServerCommand: Starting bigdata-service
INFO  [2013-12-01 19:07:15,520] org.eclipse.jetty.server.Server: jetty-8.y.z-SNAPSHOT
INFO  [2013-12-01 19:07:15,594] com.sun.jersey.server.impl.application.WebApplicationImpl: Initiating Jersey application, version 'Jersey: 1.17.1 02/28/2013 12:47 PM'
INFO  [2013-12-01 19:07:15,643] com.yammer.dropwizard.config.Environment: The following paths were found for the configured resources:

    GET     /bigdata/ (edu.sjsu.cmpe.bigdata.ui.resources.HomeResource)
    GET     /bigdata/dashboard (edu.sjsu.cmpe.bigdata.ui.resources.DashboardResource)
    GET     /bigdata/v1/users (edu.sjsu.cmpe.bigdata.api.resources.UserResource)
    POST    /bigdata/v1/users (edu.sjsu.cmpe.bigdata.api.resources.UserResource)
    GET     /bigdata/v1/analytics/sentiment (edu.sjsu.cmpe.bigdata.api.resources.AnalyticsResource)

INFO  [2013-12-01 19:07:15,643] com.yammer.dropwizard.config.Environment: tasks = 

    POST    /tasks/gc (com.yammer.dropwizard.tasks.GarbageCollectionTask)

INFO  [2013-12-01 19:07:15,893] org.quartz.impl.StdSchedulerFactory: Using default implementation for ThreadExecutor
INFO  [2013-12-01 19:07:15,895] org.quartz.simpl.SimpleThreadPool: Job execution threads will use class loader of thread: main
INFO  [2013-12-01 19:07:15,907] org.quartz.core.SchedulerSignalerImpl: Initialized Scheduler Signaller of type: class org.quartz.core.SchedulerSignalerImpl
INFO  [2013-12-01 19:07:15,908] org.quartz.core.QuartzScheduler: Quartz Scheduler v.2.2.0 created.
INFO  [2013-12-01 19:07:15,909] org.quartz.simpl.RAMJobStore: RAMJobStore initialized.
INFO  [2013-12-01 19:07:15,910] org.quartz.core.QuartzScheduler: Scheduler meta-data: Quartz Scheduler (v2.2.0) 'DefaultQuartzScheduler' with instanceId 'NON_CLUSTERED'
  Scheduler class: 'org.quartz.core.QuartzScheduler' - running locally.
  NOT STARTED.
  Currently in standby mode.
  Number of jobs executed: 0
  Using thread pool 'org.quartz.simpl.SimpleThreadPool' - with 10 threads.
  Using job-store 'org.quartz.simpl.RAMJobStore' - which does not support persistence. and is not clustered.

INFO  [2013-12-01 19:07:15,910] org.quartz.impl.StdSchedulerFactory: Quartz scheduler 'DefaultQuartzScheduler' initialized from default resource file in Quartz package: 'quartz.properties'
INFO  [2013-12-01 19:07:15,910] org.quartz.impl.StdSchedulerFactory: Quartz scheduler version: 2.2.0
INFO  [2013-12-01 19:07:15,910] org.quartz.core.QuartzScheduler: Scheduler DefaultQuartzScheduler_$_NON_CLUSTERED started.
INFO  [2013-12-01 19:07:15,912] de.spinscale.dropwizard.jobs.JobManager: Jobs to run on application start: []
INFO  [2013-12-01 19:07:15,912] de.spinscale.dropwizard.jobs.JobManager: Jobs with @Every annotation: [class edu.sjsu.cmpe.bigdata.DataAnalyticsJob]
INFO  [2013-12-01 19:07:15,936] de.spinscale.dropwizard.jobs.JobManager: Jobs with @On annotation: []
INFO  [2013-12-01 19:07:15,942] org.eclipse.jetty.server.AbstractConnector: Started InstrumentedBlockingChannelConnector@0.0.0.0:8080
INFO  [2013-12-01 19:07:15,943] org.eclipse.jetty.server.AbstractConnector: Started SocketConnector@0.0.0.0:8081
INFO  [2013-12-01 19:08:37,833] org.eclipse.jetty.server.Server: Graceful shutdown SocketConnector@0.0.0.0:8081
INFO  [2013-12-01 19:08:37,834] org.eclipse.jetty.server.Server: Graceful shutdown InstrumentedBlockingChannelConnector@0.0.0.0:8080
INFO  [2013-12-01 19:08:37,834] org.eclipse.jetty.server.Server: Graceful shutdown o.e.j.s.ServletContextHandler{/,null}
INFO  [2013-12-01 19:08:37,834] org.eclipse.jetty.server.Server: Graceful shutdown o.e.j.s.ServletContextHandler{/,null}
INFO  [2013-12-01 19:08:39,886] org.eclipse.jetty.server.handler.ContextHandler: stopped o.e.j.s.ServletContextHandler{/,null}
INFO  [2013-12-01 19:08:39,887] org.eclipse.jetty.server.handler.ContextHandler: stopped o.e.j.s.ServletContextHandler{/,null}
INFO  [2013-12-01 19:08:39,988] org.quartz.core.QuartzScheduler: Scheduler DefaultQuartzScheduler_$_NON_CLUSTERED shutting down.
INFO  [2013-12-01 19:08:39,988] org.quartz.core.QuartzScheduler: Scheduler DefaultQuartzScheduler_$_NON_CLUSTERED paused.
INFO  [2013-12-01 19:08:40,481] org.quartz.core.QuartzScheduler: Scheduler DefaultQuartzScheduler_$_NON_CLUSTERED shutdown complete.
INFO  [2013-12-01 19:08:57,660] org.reflections.Reflections: Reflections took 235 ms to scan 1 urls, producing 10 keys and 27 values 
WARN  [2013-12-01 19:08:57,680] com.yammer.dropwizard.config.ServerFactory: 
!!!!!!!!!!!!!!!!!!!!!!!!!!!!!!!!!!!!!!!!!!!!!!!!!!!!!!!!!!!!!!!!!!!!!!!!!!!!!!!!
!!!!!!!!!!!!!!!!!!!!!!!!!!!!!!!!!!!!!!!!!!!!!!!!!!!!!!!!!!!!!!!!!!!!!!!!!!!!!!!!
!    THIS SERVICE HAS NO HEALTHCHECKS. THIS MEANS YOU WILL NEVER KNOW IF IT    !
!    DIES IN PRODUCTION, WHICH MEANS YOU WILL NEVER KNOW IF YOU'RE LETTING     !
!     YOUR USERS DOWN. YOU SHOULD ADD A HEALTHCHECK FOR EACH DEPENDENCY OF     !
!     YOUR SERVICE WHICH FULLY (BUT LIGHTLY) TESTS YOUR SERVICE'S ABILITY TO   !
!      USE THAT SERVICE. THINK OF IT AS A CONTINUOUS INTEGRATION TEST.         !
!!!!!!!!!!!!!!!!!!!!!!!!!!!!!!!!!!!!!!!!!!!!!!!!!!!!!!!!!!!!!!!!!!!!!!!!!!!!!!!!
!!!!!!!!!!!!!!!!!!!!!!!!!!!!!!!!!!!!!!!!!!!!!!!!!!!!!!!!!!!!!!!!!!!!!!!!!!!!!!!!
INFO  [2013-12-01 19:08:57,748] com.yammer.dropwizard.cli.ServerCommand: Starting bigdata-service
INFO  [2013-12-01 19:08:57,750] org.eclipse.jetty.server.Server: jetty-8.y.z-SNAPSHOT
INFO  [2013-12-01 19:08:57,830] com.sun.jersey.server.impl.application.WebApplicationImpl: Initiating Jersey application, version 'Jersey: 1.17.1 02/28/2013 12:47 PM'
INFO  [2013-12-01 19:08:57,882] com.yammer.dropwizard.config.Environment: The following paths were found for the configured resources:

    GET     /bigdata/ (edu.sjsu.cmpe.bigdata.ui.resources.HomeResource)
    GET     /bigdata/dashboard (edu.sjsu.cmpe.bigdata.ui.resources.DashboardResource)
    GET     /bigdata/v1/users (edu.sjsu.cmpe.bigdata.api.resources.UserResource)
    POST    /bigdata/v1/users (edu.sjsu.cmpe.bigdata.api.resources.UserResource)
    GET     /bigdata/v1/analytics/sentiment (edu.sjsu.cmpe.bigdata.api.resources.AnalyticsResource)

INFO  [2013-12-01 19:08:57,883] com.yammer.dropwizard.config.Environment: tasks = 

    POST    /tasks/gc (com.yammer.dropwizard.tasks.GarbageCollectionTask)

INFO  [2013-12-01 19:08:58,138] org.quartz.impl.StdSchedulerFactory: Using default implementation for ThreadExecutor
INFO  [2013-12-01 19:08:58,141] org.quartz.simpl.SimpleThreadPool: Job execution threads will use class loader of thread: main
INFO  [2013-12-01 19:08:58,153] org.quartz.core.SchedulerSignalerImpl: Initialized Scheduler Signaller of type: class org.quartz.core.SchedulerSignalerImpl
INFO  [2013-12-01 19:08:58,154] org.quartz.core.QuartzScheduler: Quartz Scheduler v.2.2.0 created.
INFO  [2013-12-01 19:08:58,155] org.quartz.simpl.RAMJobStore: RAMJobStore initialized.
INFO  [2013-12-01 19:08:58,155] org.quartz.core.QuartzScheduler: Scheduler meta-data: Quartz Scheduler (v2.2.0) 'DefaultQuartzScheduler' with instanceId 'NON_CLUSTERED'
  Scheduler class: 'org.quartz.core.QuartzScheduler' - running locally.
  NOT STARTED.
  Currently in standby mode.
  Number of jobs executed: 0
  Using thread pool 'org.quartz.simpl.SimpleThreadPool' - with 10 threads.
  Using job-store 'org.quartz.simpl.RAMJobStore' - which does not support persistence. and is not clustered.

INFO  [2013-12-01 19:08:58,156] org.quartz.impl.StdSchedulerFactory: Quartz scheduler 'DefaultQuartzScheduler' initialized from default resource file in Quartz package: 'quartz.properties'
INFO  [2013-12-01 19:08:58,156] org.quartz.impl.StdSchedulerFactory: Quartz scheduler version: 2.2.0
INFO  [2013-12-01 19:08:58,156] org.quartz.core.QuartzScheduler: Scheduler DefaultQuartzScheduler_$_NON_CLUSTERED started.
INFO  [2013-12-01 19:08:58,158] de.spinscale.dropwizard.jobs.JobManager: Jobs to run on application start: []
INFO  [2013-12-01 19:08:58,158] de.spinscale.dropwizard.jobs.JobManager: Jobs with @Every annotation: [class edu.sjsu.cmpe.bigdata.DataAnalyticsJob]
INFO  [2013-12-01 19:08:58,183] de.spinscale.dropwizard.jobs.JobManager: Jobs with @On annotation: []
INFO  [2013-12-01 19:08:58,189] org.eclipse.jetty.server.AbstractConnector: Started InstrumentedBlockingChannelConnector@0.0.0.0:8080
INFO  [2013-12-01 19:08:58,191] org.eclipse.jetty.server.AbstractConnector: Started SocketConnector@0.0.0.0:8081
INFO  [2013-12-01 19:10:23,961] org.eclipse.jetty.server.Server: Graceful shutdown SocketConnector@0.0.0.0:8081
INFO  [2013-12-01 19:10:23,962] org.eclipse.jetty.server.Server: Graceful shutdown InstrumentedBlockingChannelConnector@0.0.0.0:8080
INFO  [2013-12-01 19:10:23,964] org.eclipse.jetty.server.Server: Graceful shutdown o.e.j.s.ServletContextHandler{/,null}
INFO  [2013-12-01 19:10:23,964] org.eclipse.jetty.server.Server: Graceful shutdown o.e.j.s.ServletContextHandler{/,null}
INFO  [2013-12-01 19:10:26,017] org.eclipse.jetty.server.handler.ContextHandler: stopped o.e.j.s.ServletContextHandler{/,null}
INFO  [2013-12-01 19:10:26,017] org.eclipse.jetty.server.handler.ContextHandler: stopped o.e.j.s.ServletContextHandler{/,null}
INFO  [2013-12-01 19:10:26,119] org.quartz.core.QuartzScheduler: Scheduler DefaultQuartzScheduler_$_NON_CLUSTERED shutting down.
INFO  [2013-12-01 19:10:26,119] org.quartz.core.QuartzScheduler: Scheduler DefaultQuartzScheduler_$_NON_CLUSTERED paused.
INFO  [2013-12-01 19:10:26,379] org.quartz.core.QuartzScheduler: Scheduler DefaultQuartzScheduler_$_NON_CLUSTERED shutdown complete.
INFO  [2013-12-01 19:10:43,546] org.reflections.Reflections: Reflections took 173 ms to scan 1 urls, producing 10 keys and 27 values 
WARN  [2013-12-01 19:10:43,565] com.yammer.dropwizard.config.ServerFactory: 
!!!!!!!!!!!!!!!!!!!!!!!!!!!!!!!!!!!!!!!!!!!!!!!!!!!!!!!!!!!!!!!!!!!!!!!!!!!!!!!!
!!!!!!!!!!!!!!!!!!!!!!!!!!!!!!!!!!!!!!!!!!!!!!!!!!!!!!!!!!!!!!!!!!!!!!!!!!!!!!!!
!    THIS SERVICE HAS NO HEALTHCHECKS. THIS MEANS YOU WILL NEVER KNOW IF IT    !
!    DIES IN PRODUCTION, WHICH MEANS YOU WILL NEVER KNOW IF YOU'RE LETTING     !
!     YOUR USERS DOWN. YOU SHOULD ADD A HEALTHCHECK FOR EACH DEPENDENCY OF     !
!     YOUR SERVICE WHICH FULLY (BUT LIGHTLY) TESTS YOUR SERVICE'S ABILITY TO   !
!      USE THAT SERVICE. THINK OF IT AS A CONTINUOUS INTEGRATION TEST.         !
!!!!!!!!!!!!!!!!!!!!!!!!!!!!!!!!!!!!!!!!!!!!!!!!!!!!!!!!!!!!!!!!!!!!!!!!!!!!!!!!
!!!!!!!!!!!!!!!!!!!!!!!!!!!!!!!!!!!!!!!!!!!!!!!!!!!!!!!!!!!!!!!!!!!!!!!!!!!!!!!!
INFO  [2013-12-01 19:10:43,619] com.yammer.dropwizard.cli.ServerCommand: Starting bigdata-service
INFO  [2013-12-01 19:10:43,620] org.eclipse.jetty.server.Server: jetty-8.y.z-SNAPSHOT
INFO  [2013-12-01 19:10:43,697] com.sun.jersey.server.impl.application.WebApplicationImpl: Initiating Jersey application, version 'Jersey: 1.17.1 02/28/2013 12:47 PM'
INFO  [2013-12-01 19:10:43,747] com.yammer.dropwizard.config.Environment: The following paths were found for the configured resources:

    GET     /bigdata/ (edu.sjsu.cmpe.bigdata.ui.resources.HomeResource)
    GET     /bigdata/dashboard (edu.sjsu.cmpe.bigdata.ui.resources.DashboardResource)
    GET     /bigdata/v1/users (edu.sjsu.cmpe.bigdata.api.resources.UserResource)
    POST    /bigdata/v1/users (edu.sjsu.cmpe.bigdata.api.resources.UserResource)
    GET     /bigdata/v1/analytics/sentiment (edu.sjsu.cmpe.bigdata.api.resources.AnalyticsResource)

INFO  [2013-12-01 19:10:43,748] com.yammer.dropwizard.config.Environment: tasks = 

    POST    /tasks/gc (com.yammer.dropwizard.tasks.GarbageCollectionTask)

INFO  [2013-12-01 19:10:44,002] org.quartz.impl.StdSchedulerFactory: Using default implementation for ThreadExecutor
INFO  [2013-12-01 19:10:44,005] org.quartz.simpl.SimpleThreadPool: Job execution threads will use class loader of thread: main
INFO  [2013-12-01 19:10:44,017] org.quartz.core.SchedulerSignalerImpl: Initialized Scheduler Signaller of type: class org.quartz.core.SchedulerSignalerImpl
INFO  [2013-12-01 19:10:44,018] org.quartz.core.QuartzScheduler: Quartz Scheduler v.2.2.0 created.
INFO  [2013-12-01 19:10:44,019] org.quartz.simpl.RAMJobStore: RAMJobStore initialized.
INFO  [2013-12-01 19:10:44,019] org.quartz.core.QuartzScheduler: Scheduler meta-data: Quartz Scheduler (v2.2.0) 'DefaultQuartzScheduler' with instanceId 'NON_CLUSTERED'
  Scheduler class: 'org.quartz.core.QuartzScheduler' - running locally.
  NOT STARTED.
  Currently in standby mode.
  Number of jobs executed: 0
  Using thread pool 'org.quartz.simpl.SimpleThreadPool' - with 10 threads.
  Using job-store 'org.quartz.simpl.RAMJobStore' - which does not support persistence. and is not clustered.

INFO  [2013-12-01 19:10:44,019] org.quartz.impl.StdSchedulerFactory: Quartz scheduler 'DefaultQuartzScheduler' initialized from default resource file in Quartz package: 'quartz.properties'
INFO  [2013-12-01 19:10:44,020] org.quartz.impl.StdSchedulerFactory: Quartz scheduler version: 2.2.0
INFO  [2013-12-01 19:10:44,020] org.quartz.core.QuartzScheduler: Scheduler DefaultQuartzScheduler_$_NON_CLUSTERED started.
INFO  [2013-12-01 19:10:44,022] de.spinscale.dropwizard.jobs.JobManager: Jobs to run on application start: []
INFO  [2013-12-01 19:10:44,022] de.spinscale.dropwizard.jobs.JobManager: Jobs with @Every annotation: [class edu.sjsu.cmpe.bigdata.DataAnalyticsJob]
INFO  [2013-12-01 19:10:44,046] de.spinscale.dropwizard.jobs.JobManager: Jobs with @On annotation: []
INFO  [2013-12-01 19:10:44,052] org.eclipse.jetty.server.AbstractConnector: Started InstrumentedBlockingChannelConnector@0.0.0.0:8080
INFO  [2013-12-01 19:10:44,053] org.eclipse.jetty.server.AbstractConnector: Started SocketConnector@0.0.0.0:8081
INFO  [2013-12-01 19:11:41,302] org.eclipse.jetty.server.Server: Graceful shutdown SocketConnector@0.0.0.0:8081
INFO  [2013-12-01 19:11:41,304] org.eclipse.jetty.server.Server: Graceful shutdown InstrumentedBlockingChannelConnector@0.0.0.0:8080
INFO  [2013-12-01 19:11:41,305] org.eclipse.jetty.server.Server: Graceful shutdown o.e.j.s.ServletContextHandler{/,null}
INFO  [2013-12-01 19:11:41,306] org.eclipse.jetty.server.Server: Graceful shutdown o.e.j.s.ServletContextHandler{/,null}
INFO  [2013-12-01 19:11:43,359] org.eclipse.jetty.server.handler.ContextHandler: stopped o.e.j.s.ServletContextHandler{/,null}
INFO  [2013-12-01 19:11:43,359] org.eclipse.jetty.server.handler.ContextHandler: stopped o.e.j.s.ServletContextHandler{/,null}
INFO  [2013-12-01 19:11:43,460] org.quartz.core.QuartzScheduler: Scheduler DefaultQuartzScheduler_$_NON_CLUSTERED shutting down.
INFO  [2013-12-01 19:11:43,460] org.quartz.core.QuartzScheduler: Scheduler DefaultQuartzScheduler_$_NON_CLUSTERED paused.
INFO  [2013-12-01 19:11:43,719] org.quartz.core.QuartzScheduler: Scheduler DefaultQuartzScheduler_$_NON_CLUSTERED shutdown complete.
INFO  [2013-12-01 19:12:01,197] org.reflections.Reflections: Reflections took 169 ms to scan 1 urls, producing 10 keys and 27 values 
WARN  [2013-12-01 19:12:01,215] com.yammer.dropwizard.config.ServerFactory: 
!!!!!!!!!!!!!!!!!!!!!!!!!!!!!!!!!!!!!!!!!!!!!!!!!!!!!!!!!!!!!!!!!!!!!!!!!!!!!!!!
!!!!!!!!!!!!!!!!!!!!!!!!!!!!!!!!!!!!!!!!!!!!!!!!!!!!!!!!!!!!!!!!!!!!!!!!!!!!!!!!
!    THIS SERVICE HAS NO HEALTHCHECKS. THIS MEANS YOU WILL NEVER KNOW IF IT    !
!    DIES IN PRODUCTION, WHICH MEANS YOU WILL NEVER KNOW IF YOU'RE LETTING     !
!     YOUR USERS DOWN. YOU SHOULD ADD A HEALTHCHECK FOR EACH DEPENDENCY OF     !
!     YOUR SERVICE WHICH FULLY (BUT LIGHTLY) TESTS YOUR SERVICE'S ABILITY TO   !
!      USE THAT SERVICE. THINK OF IT AS A CONTINUOUS INTEGRATION TEST.         !
!!!!!!!!!!!!!!!!!!!!!!!!!!!!!!!!!!!!!!!!!!!!!!!!!!!!!!!!!!!!!!!!!!!!!!!!!!!!!!!!
!!!!!!!!!!!!!!!!!!!!!!!!!!!!!!!!!!!!!!!!!!!!!!!!!!!!!!!!!!!!!!!!!!!!!!!!!!!!!!!!
INFO  [2013-12-01 19:12:01,269] com.yammer.dropwizard.cli.ServerCommand: Starting bigdata-service
INFO  [2013-12-01 19:12:01,270] org.eclipse.jetty.server.Server: jetty-8.y.z-SNAPSHOT
INFO  [2013-12-01 19:12:01,345] com.sun.jersey.server.impl.application.WebApplicationImpl: Initiating Jersey application, version 'Jersey: 1.17.1 02/28/2013 12:47 PM'
INFO  [2013-12-01 19:12:01,394] com.yammer.dropwizard.config.Environment: The following paths were found for the configured resources:

    GET     /bigdata/ (edu.sjsu.cmpe.bigdata.ui.resources.HomeResource)
    GET     /bigdata/dashboard (edu.sjsu.cmpe.bigdata.ui.resources.DashboardResource)
    GET     /bigdata/v1/users (edu.sjsu.cmpe.bigdata.api.resources.UserResource)
    POST    /bigdata/v1/users (edu.sjsu.cmpe.bigdata.api.resources.UserResource)
    GET     /bigdata/v1/analytics/sentiment (edu.sjsu.cmpe.bigdata.api.resources.AnalyticsResource)

INFO  [2013-12-01 19:12:01,394] com.yammer.dropwizard.config.Environment: tasks = 

    POST    /tasks/gc (com.yammer.dropwizard.tasks.GarbageCollectionTask)

INFO  [2013-12-01 19:12:01,651] org.quartz.impl.StdSchedulerFactory: Using default implementation for ThreadExecutor
INFO  [2013-12-01 19:12:01,653] org.quartz.simpl.SimpleThreadPool: Job execution threads will use class loader of thread: main
INFO  [2013-12-01 19:12:01,665] org.quartz.core.SchedulerSignalerImpl: Initialized Scheduler Signaller of type: class org.quartz.core.SchedulerSignalerImpl
INFO  [2013-12-01 19:12:01,666] org.quartz.core.QuartzScheduler: Quartz Scheduler v.2.2.0 created.
INFO  [2013-12-01 19:12:01,667] org.quartz.simpl.RAMJobStore: RAMJobStore initialized.
INFO  [2013-12-01 19:12:01,668] org.quartz.core.QuartzScheduler: Scheduler meta-data: Quartz Scheduler (v2.2.0) 'DefaultQuartzScheduler' with instanceId 'NON_CLUSTERED'
  Scheduler class: 'org.quartz.core.QuartzScheduler' - running locally.
  NOT STARTED.
  Currently in standby mode.
  Number of jobs executed: 0
  Using thread pool 'org.quartz.simpl.SimpleThreadPool' - with 10 threads.
  Using job-store 'org.quartz.simpl.RAMJobStore' - which does not support persistence. and is not clustered.

INFO  [2013-12-01 19:12:01,668] org.quartz.impl.StdSchedulerFactory: Quartz scheduler 'DefaultQuartzScheduler' initialized from default resource file in Quartz package: 'quartz.properties'
INFO  [2013-12-01 19:12:01,668] org.quartz.impl.StdSchedulerFactory: Quartz scheduler version: 2.2.0
INFO  [2013-12-01 19:12:01,669] org.quartz.core.QuartzScheduler: Scheduler DefaultQuartzScheduler_$_NON_CLUSTERED started.
INFO  [2013-12-01 19:12:01,671] de.spinscale.dropwizard.jobs.JobManager: Jobs to run on application start: []
INFO  [2013-12-01 19:12:01,672] de.spinscale.dropwizard.jobs.JobManager: Jobs with @Every annotation: [class edu.sjsu.cmpe.bigdata.DataAnalyticsJob]
INFO  [2013-12-01 19:12:01,697] de.spinscale.dropwizard.jobs.JobManager: Jobs with @On annotation: []
INFO  [2013-12-01 19:12:01,703] org.eclipse.jetty.server.AbstractConnector: Started InstrumentedBlockingChannelConnector@0.0.0.0:8080
WARN  [2013-12-01 19:12:01,704] org.eclipse.jetty.server.AbstractConnector: insufficient threads configured for SocketConnector@0.0.0.0:8081
INFO  [2013-12-01 19:12:01,704] org.eclipse.jetty.server.AbstractConnector: Started SocketConnector@0.0.0.0:8081
INFO  [2013-12-01 19:12:44,548] org.eclipse.jetty.server.Server: Graceful shutdown SocketConnector@0.0.0.0:8081
INFO  [2013-12-01 19:12:44,549] org.eclipse.jetty.server.Server: Graceful shutdown InstrumentedBlockingChannelConnector@0.0.0.0:8080
INFO  [2013-12-01 19:12:44,551] org.eclipse.jetty.server.Server: Graceful shutdown o.e.j.s.ServletContextHandler{/,null}
INFO  [2013-12-01 19:12:44,551] org.eclipse.jetty.server.Server: Graceful shutdown o.e.j.s.ServletContextHandler{/,null}
INFO  [2013-12-01 19:12:46,604] org.eclipse.jetty.server.handler.ContextHandler: stopped o.e.j.s.ServletContextHandler{/,null}
INFO  [2013-12-01 19:12:46,604] org.eclipse.jetty.server.handler.ContextHandler: stopped o.e.j.s.ServletContextHandler{/,null}
INFO  [2013-12-01 19:12:46,706] org.quartz.core.QuartzScheduler: Scheduler DefaultQuartzScheduler_$_NON_CLUSTERED shutting down.
INFO  [2013-12-01 19:12:46,706] org.quartz.core.QuartzScheduler: Scheduler DefaultQuartzScheduler_$_NON_CLUSTERED paused.
INFO  [2013-12-01 19:12:47,196] org.quartz.core.QuartzScheduler: Scheduler DefaultQuartzScheduler_$_NON_CLUSTERED shutdown complete.
INFO  [2013-12-01 19:13:04,208] org.reflections.Reflections: Reflections took 165 ms to scan 1 urls, producing 10 keys and 27 values 
WARN  [2013-12-01 19:13:04,226] com.yammer.dropwizard.config.ServerFactory: 
!!!!!!!!!!!!!!!!!!!!!!!!!!!!!!!!!!!!!!!!!!!!!!!!!!!!!!!!!!!!!!!!!!!!!!!!!!!!!!!!
!!!!!!!!!!!!!!!!!!!!!!!!!!!!!!!!!!!!!!!!!!!!!!!!!!!!!!!!!!!!!!!!!!!!!!!!!!!!!!!!
!    THIS SERVICE HAS NO HEALTHCHECKS. THIS MEANS YOU WILL NEVER KNOW IF IT    !
!    DIES IN PRODUCTION, WHICH MEANS YOU WILL NEVER KNOW IF YOU'RE LETTING     !
!     YOUR USERS DOWN. YOU SHOULD ADD A HEALTHCHECK FOR EACH DEPENDENCY OF     !
!     YOUR SERVICE WHICH FULLY (BUT LIGHTLY) TESTS YOUR SERVICE'S ABILITY TO   !
!      USE THAT SERVICE. THINK OF IT AS A CONTINUOUS INTEGRATION TEST.         !
!!!!!!!!!!!!!!!!!!!!!!!!!!!!!!!!!!!!!!!!!!!!!!!!!!!!!!!!!!!!!!!!!!!!!!!!!!!!!!!!
!!!!!!!!!!!!!!!!!!!!!!!!!!!!!!!!!!!!!!!!!!!!!!!!!!!!!!!!!!!!!!!!!!!!!!!!!!!!!!!!
INFO  [2013-12-01 19:13:04,279] com.yammer.dropwizard.cli.ServerCommand: Starting bigdata-service
INFO  [2013-12-01 19:13:04,281] org.eclipse.jetty.server.Server: jetty-8.y.z-SNAPSHOT
INFO  [2013-12-01 19:13:04,355] com.sun.jersey.server.impl.application.WebApplicationImpl: Initiating Jersey application, version 'Jersey: 1.17.1 02/28/2013 12:47 PM'
INFO  [2013-12-01 19:13:04,405] com.yammer.dropwizard.config.Environment: The following paths were found for the configured resources:

    GET     /bigdata/ (edu.sjsu.cmpe.bigdata.ui.resources.HomeResource)
    GET     /bigdata/dashboard (edu.sjsu.cmpe.bigdata.ui.resources.DashboardResource)
    GET     /bigdata/v1/users (edu.sjsu.cmpe.bigdata.api.resources.UserResource)
    POST    /bigdata/v1/users (edu.sjsu.cmpe.bigdata.api.resources.UserResource)
    GET     /bigdata/v1/analytics/sentiment (edu.sjsu.cmpe.bigdata.api.resources.AnalyticsResource)

INFO  [2013-12-01 19:13:04,405] com.yammer.dropwizard.config.Environment: tasks = 

    POST    /tasks/gc (com.yammer.dropwizard.tasks.GarbageCollectionTask)

INFO  [2013-12-01 19:13:04,654] org.quartz.impl.StdSchedulerFactory: Using default implementation for ThreadExecutor
INFO  [2013-12-01 19:13:04,657] org.quartz.simpl.SimpleThreadPool: Job execution threads will use class loader of thread: main
INFO  [2013-12-01 19:13:04,669] org.quartz.core.SchedulerSignalerImpl: Initialized Scheduler Signaller of type: class org.quartz.core.SchedulerSignalerImpl
INFO  [2013-12-01 19:13:04,669] org.quartz.core.QuartzScheduler: Quartz Scheduler v.2.2.0 created.
INFO  [2013-12-01 19:13:04,670] org.quartz.simpl.RAMJobStore: RAMJobStore initialized.
INFO  [2013-12-01 19:13:04,671] org.quartz.core.QuartzScheduler: Scheduler meta-data: Quartz Scheduler (v2.2.0) 'DefaultQuartzScheduler' with instanceId 'NON_CLUSTERED'
  Scheduler class: 'org.quartz.core.QuartzScheduler' - running locally.
  NOT STARTED.
  Currently in standby mode.
  Number of jobs executed: 0
  Using thread pool 'org.quartz.simpl.SimpleThreadPool' - with 10 threads.
  Using job-store 'org.quartz.simpl.RAMJobStore' - which does not support persistence. and is not clustered.

INFO  [2013-12-01 19:13:04,671] org.quartz.impl.StdSchedulerFactory: Quartz scheduler 'DefaultQuartzScheduler' initialized from default resource file in Quartz package: 'quartz.properties'
INFO  [2013-12-01 19:13:04,671] org.quartz.impl.StdSchedulerFactory: Quartz scheduler version: 2.2.0
INFO  [2013-12-01 19:13:04,671] org.quartz.core.QuartzScheduler: Scheduler DefaultQuartzScheduler_$_NON_CLUSTERED started.
INFO  [2013-12-01 19:13:04,674] de.spinscale.dropwizard.jobs.JobManager: Jobs to run on application start: []
INFO  [2013-12-01 19:13:04,674] de.spinscale.dropwizard.jobs.JobManager: Jobs with @Every annotation: [class edu.sjsu.cmpe.bigdata.DataAnalyticsJob]
INFO  [2013-12-01 19:13:04,699] de.spinscale.dropwizard.jobs.JobManager: Jobs with @On annotation: []
INFO  [2013-12-01 19:13:04,704] org.eclipse.jetty.server.AbstractConnector: Started InstrumentedBlockingChannelConnector@0.0.0.0:8080
INFO  [2013-12-01 19:13:04,706] org.eclipse.jetty.server.AbstractConnector: Started SocketConnector@0.0.0.0:8081
INFO  [2013-12-01 19:26:46,004] org.eclipse.jetty.server.Server: Graceful shutdown SocketConnector@0.0.0.0:8081
INFO  [2013-12-01 19:26:46,004] org.eclipse.jetty.server.Server: Graceful shutdown InstrumentedBlockingChannelConnector@0.0.0.0:8080
INFO  [2013-12-01 19:26:46,005] org.eclipse.jetty.server.Server: Graceful shutdown o.e.j.s.ServletContextHandler{/,null}
INFO  [2013-12-01 19:26:46,005] org.eclipse.jetty.server.Server: Graceful shutdown o.e.j.s.ServletContextHandler{/,null}
INFO  [2013-12-01 19:26:48,057] org.eclipse.jetty.server.handler.ContextHandler: stopped o.e.j.s.ServletContextHandler{/,null}
INFO  [2013-12-01 19:26:48,057] org.eclipse.jetty.server.handler.ContextHandler: stopped o.e.j.s.ServletContextHandler{/,null}
INFO  [2013-12-01 19:26:48,158] org.quartz.core.QuartzScheduler: Scheduler DefaultQuartzScheduler_$_NON_CLUSTERED shutting down.
INFO  [2013-12-01 19:26:48,158] org.quartz.core.QuartzScheduler: Scheduler DefaultQuartzScheduler_$_NON_CLUSTERED paused.
INFO  [2013-12-01 19:26:48,483] org.quartz.core.QuartzScheduler: Scheduler DefaultQuartzScheduler_$_NON_CLUSTERED shutdown complete.
INFO  [2013-12-01 19:27:06,067] org.reflections.Reflections: Reflections took 165 ms to scan 1 urls, producing 10 keys and 27 values 
WARN  [2013-12-01 19:27:06,086] com.yammer.dropwizard.config.ServerFactory: 
!!!!!!!!!!!!!!!!!!!!!!!!!!!!!!!!!!!!!!!!!!!!!!!!!!!!!!!!!!!!!!!!!!!!!!!!!!!!!!!!
!!!!!!!!!!!!!!!!!!!!!!!!!!!!!!!!!!!!!!!!!!!!!!!!!!!!!!!!!!!!!!!!!!!!!!!!!!!!!!!!
!    THIS SERVICE HAS NO HEALTHCHECKS. THIS MEANS YOU WILL NEVER KNOW IF IT    !
!    DIES IN PRODUCTION, WHICH MEANS YOU WILL NEVER KNOW IF YOU'RE LETTING     !
!     YOUR USERS DOWN. YOU SHOULD ADD A HEALTHCHECK FOR EACH DEPENDENCY OF     !
!     YOUR SERVICE WHICH FULLY (BUT LIGHTLY) TESTS YOUR SERVICE'S ABILITY TO   !
!      USE THAT SERVICE. THINK OF IT AS A CONTINUOUS INTEGRATION TEST.         !
!!!!!!!!!!!!!!!!!!!!!!!!!!!!!!!!!!!!!!!!!!!!!!!!!!!!!!!!!!!!!!!!!!!!!!!!!!!!!!!!
!!!!!!!!!!!!!!!!!!!!!!!!!!!!!!!!!!!!!!!!!!!!!!!!!!!!!!!!!!!!!!!!!!!!!!!!!!!!!!!!
INFO  [2013-12-01 19:27:06,139] com.yammer.dropwizard.cli.ServerCommand: Starting bigdata-service
INFO  [2013-12-01 19:27:06,140] org.eclipse.jetty.server.Server: jetty-8.y.z-SNAPSHOT
INFO  [2013-12-01 19:27:06,214] com.sun.jersey.server.impl.application.WebApplicationImpl: Initiating Jersey application, version 'Jersey: 1.17.1 02/28/2013 12:47 PM'
INFO  [2013-12-01 19:27:06,265] com.yammer.dropwizard.config.Environment: The following paths were found for the configured resources:

    GET     /bigdata/ (edu.sjsu.cmpe.bigdata.ui.resources.HomeResource)
    GET     /bigdata/dashboard (edu.sjsu.cmpe.bigdata.ui.resources.DashboardResource)
    GET     /bigdata/v1/users (edu.sjsu.cmpe.bigdata.api.resources.UserResource)
    GET     /bigdata/v1/users/{id}/competition (edu.sjsu.cmpe.bigdata.api.resources.UserResource)
    POST    /bigdata/v1/users (edu.sjsu.cmpe.bigdata.api.resources.UserResource)
    GET     /bigdata/v1/analytics/sentiment (edu.sjsu.cmpe.bigdata.api.resources.AnalyticsResource)

INFO  [2013-12-01 19:27:06,265] com.yammer.dropwizard.config.Environment: tasks = 

    POST    /tasks/gc (com.yammer.dropwizard.tasks.GarbageCollectionTask)

INFO  [2013-12-01 19:27:06,521] org.quartz.impl.StdSchedulerFactory: Using default implementation for ThreadExecutor
INFO  [2013-12-01 19:27:06,523] org.quartz.simpl.SimpleThreadPool: Job execution threads will use class loader of thread: main
INFO  [2013-12-01 19:27:06,535] org.quartz.core.SchedulerSignalerImpl: Initialized Scheduler Signaller of type: class org.quartz.core.SchedulerSignalerImpl
INFO  [2013-12-01 19:27:06,536] org.quartz.core.QuartzScheduler: Quartz Scheduler v.2.2.0 created.
INFO  [2013-12-01 19:27:06,537] org.quartz.simpl.RAMJobStore: RAMJobStore initialized.
INFO  [2013-12-01 19:27:06,538] org.quartz.core.QuartzScheduler: Scheduler meta-data: Quartz Scheduler (v2.2.0) 'DefaultQuartzScheduler' with instanceId 'NON_CLUSTERED'
  Scheduler class: 'org.quartz.core.QuartzScheduler' - running locally.
  NOT STARTED.
  Currently in standby mode.
  Number of jobs executed: 0
  Using thread pool 'org.quartz.simpl.SimpleThreadPool' - with 10 threads.
  Using job-store 'org.quartz.simpl.RAMJobStore' - which does not support persistence. and is not clustered.

INFO  [2013-12-01 19:27:06,538] org.quartz.impl.StdSchedulerFactory: Quartz scheduler 'DefaultQuartzScheduler' initialized from default resource file in Quartz package: 'quartz.properties'
INFO  [2013-12-01 19:27:06,538] org.quartz.impl.StdSchedulerFactory: Quartz scheduler version: 2.2.0
INFO  [2013-12-01 19:27:06,538] org.quartz.core.QuartzScheduler: Scheduler DefaultQuartzScheduler_$_NON_CLUSTERED started.
INFO  [2013-12-01 19:27:06,540] de.spinscale.dropwizard.jobs.JobManager: Jobs to run on application start: []
INFO  [2013-12-01 19:27:06,541] de.spinscale.dropwizard.jobs.JobManager: Jobs with @Every annotation: [class edu.sjsu.cmpe.bigdata.DataAnalyticsJob]
INFO  [2013-12-01 19:27:06,566] de.spinscale.dropwizard.jobs.JobManager: Jobs with @On annotation: []
INFO  [2013-12-01 19:27:06,571] org.eclipse.jetty.server.AbstractConnector: Started InstrumentedBlockingChannelConnector@0.0.0.0:8080
INFO  [2013-12-01 19:27:06,573] org.eclipse.jetty.server.AbstractConnector: Started SocketConnector@0.0.0.0:8081
INFO  [2013-12-01 20:04:35,318] org.eclipse.jetty.server.Server: Graceful shutdown SocketConnector@0.0.0.0:8081
INFO  [2013-12-01 20:04:35,319] org.eclipse.jetty.server.Server: Graceful shutdown InstrumentedBlockingChannelConnector@0.0.0.0:8080
INFO  [2013-12-01 20:04:35,319] org.eclipse.jetty.server.Server: Graceful shutdown o.e.j.s.ServletContextHandler{/,null}
INFO  [2013-12-01 20:04:35,319] org.eclipse.jetty.server.Server: Graceful shutdown o.e.j.s.ServletContextHandler{/,null}
INFO  [2013-12-01 20:04:37,372] org.eclipse.jetty.server.handler.ContextHandler: stopped o.e.j.s.ServletContextHandler{/,null}
INFO  [2013-12-01 20:04:37,372] org.eclipse.jetty.server.handler.ContextHandler: stopped o.e.j.s.ServletContextHandler{/,null}
INFO  [2013-12-01 20:04:37,473] org.quartz.core.QuartzScheduler: Scheduler DefaultQuartzScheduler_$_NON_CLUSTERED shutting down.
INFO  [2013-12-01 20:04:37,473] org.quartz.core.QuartzScheduler: Scheduler DefaultQuartzScheduler_$_NON_CLUSTERED paused.
INFO  [2013-12-01 20:04:37,878] org.quartz.core.QuartzScheduler: Scheduler DefaultQuartzScheduler_$_NON_CLUSTERED shutdown complete.
INFO  [2013-12-01 20:04:55,038] org.reflections.Reflections: Reflections took 162 ms to scan 1 urls, producing 10 keys and 27 values 
WARN  [2013-12-01 20:04:55,055] com.yammer.dropwizard.config.ServerFactory: 
!!!!!!!!!!!!!!!!!!!!!!!!!!!!!!!!!!!!!!!!!!!!!!!!!!!!!!!!!!!!!!!!!!!!!!!!!!!!!!!!
!!!!!!!!!!!!!!!!!!!!!!!!!!!!!!!!!!!!!!!!!!!!!!!!!!!!!!!!!!!!!!!!!!!!!!!!!!!!!!!!
!    THIS SERVICE HAS NO HEALTHCHECKS. THIS MEANS YOU WILL NEVER KNOW IF IT    !
!    DIES IN PRODUCTION, WHICH MEANS YOU WILL NEVER KNOW IF YOU'RE LETTING     !
!     YOUR USERS DOWN. YOU SHOULD ADD A HEALTHCHECK FOR EACH DEPENDENCY OF     !
!     YOUR SERVICE WHICH FULLY (BUT LIGHTLY) TESTS YOUR SERVICE'S ABILITY TO   !
!      USE THAT SERVICE. THINK OF IT AS A CONTINUOUS INTEGRATION TEST.         !
!!!!!!!!!!!!!!!!!!!!!!!!!!!!!!!!!!!!!!!!!!!!!!!!!!!!!!!!!!!!!!!!!!!!!!!!!!!!!!!!
!!!!!!!!!!!!!!!!!!!!!!!!!!!!!!!!!!!!!!!!!!!!!!!!!!!!!!!!!!!!!!!!!!!!!!!!!!!!!!!!
INFO  [2013-12-01 20:04:55,108] com.yammer.dropwizard.cli.ServerCommand: Starting bigdata-service
INFO  [2013-12-01 20:04:55,109] org.eclipse.jetty.server.Server: jetty-8.y.z-SNAPSHOT
INFO  [2013-12-01 20:04:55,181] com.sun.jersey.server.impl.application.WebApplicationImpl: Initiating Jersey application, version 'Jersey: 1.17.1 02/28/2013 12:47 PM'
INFO  [2013-12-01 20:04:55,231] com.yammer.dropwizard.config.Environment: The following paths were found for the configured resources:

    GET     /bigdata/ (edu.sjsu.cmpe.bigdata.ui.resources.HomeResource)
    GET     /bigdata/dashboard (edu.sjsu.cmpe.bigdata.ui.resources.DashboardResource)
    GET     /bigdata/v1/users (edu.sjsu.cmpe.bigdata.api.resources.UserResource)
    GET     /bigdata/v1/users/{id}/competition (edu.sjsu.cmpe.bigdata.api.resources.UserResource)
    POST    /bigdata/v1/users (edu.sjsu.cmpe.bigdata.api.resources.UserResource)
    GET     /bigdata/v1/analytics/sentiment (edu.sjsu.cmpe.bigdata.api.resources.AnalyticsResource)

INFO  [2013-12-01 20:04:55,231] com.yammer.dropwizard.config.Environment: tasks = 

    POST    /tasks/gc (com.yammer.dropwizard.tasks.GarbageCollectionTask)

INFO  [2013-12-01 20:04:55,491] org.quartz.impl.StdSchedulerFactory: Using default implementation for ThreadExecutor
INFO  [2013-12-01 20:04:55,494] org.quartz.simpl.SimpleThreadPool: Job execution threads will use class loader of thread: main
INFO  [2013-12-01 20:04:55,506] org.quartz.core.SchedulerSignalerImpl: Initialized Scheduler Signaller of type: class org.quartz.core.SchedulerSignalerImpl
INFO  [2013-12-01 20:04:55,507] org.quartz.core.QuartzScheduler: Quartz Scheduler v.2.2.0 created.
INFO  [2013-12-01 20:04:55,508] org.quartz.simpl.RAMJobStore: RAMJobStore initialized.
INFO  [2013-12-01 20:04:55,508] org.quartz.core.QuartzScheduler: Scheduler meta-data: Quartz Scheduler (v2.2.0) 'DefaultQuartzScheduler' with instanceId 'NON_CLUSTERED'
  Scheduler class: 'org.quartz.core.QuartzScheduler' - running locally.
  NOT STARTED.
  Currently in standby mode.
  Number of jobs executed: 0
  Using thread pool 'org.quartz.simpl.SimpleThreadPool' - with 10 threads.
  Using job-store 'org.quartz.simpl.RAMJobStore' - which does not support persistence. and is not clustered.

INFO  [2013-12-01 20:04:55,508] org.quartz.impl.StdSchedulerFactory: Quartz scheduler 'DefaultQuartzScheduler' initialized from default resource file in Quartz package: 'quartz.properties'
INFO  [2013-12-01 20:04:55,508] org.quartz.impl.StdSchedulerFactory: Quartz scheduler version: 2.2.0
INFO  [2013-12-01 20:04:55,509] org.quartz.core.QuartzScheduler: Scheduler DefaultQuartzScheduler_$_NON_CLUSTERED started.
INFO  [2013-12-01 20:04:55,511] de.spinscale.dropwizard.jobs.JobManager: Jobs to run on application start: []
INFO  [2013-12-01 20:04:55,512] de.spinscale.dropwizard.jobs.JobManager: Jobs with @Every annotation: [class edu.sjsu.cmpe.bigdata.DataAnalyticsJob]
INFO  [2013-12-01 20:04:55,536] de.spinscale.dropwizard.jobs.JobManager: Jobs with @On annotation: []
INFO  [2013-12-01 20:04:55,542] org.eclipse.jetty.server.AbstractConnector: Started InstrumentedBlockingChannelConnector@0.0.0.0:8080
WARN  [2013-12-01 20:04:55,543] org.eclipse.jetty.server.AbstractConnector: insufficient threads configured for SocketConnector@0.0.0.0:8081
INFO  [2013-12-01 20:04:55,543] org.eclipse.jetty.server.AbstractConnector: Started SocketConnector@0.0.0.0:8081
